<?xml version="1.0" encoding="UTF-8"?>
<!-- Generated by org.testng.reporters.JUnitReportReporter -->
<testsuite hostname="Jaggu" failures="0" tests="1" name="com.mystore.testcases.AddToCartPageTestdataProvider" time="31.074" errors="0" timestamp="2024-05-06T16:22:24 IST" skipped="0">
  <testcase classname="com.mystore.testcases.AddToCartPageTestdataProvider" name="addToCartTest" time="31.074"/>
</testsuite> <!-- com.mystore.testcases.AddToCartPageTestdataProvider -->
