<?xml version="1.0" encoding="UTF-8"?>
<!-- Generated by org.testng.reporters.JUnitReportReporter -->
<testsuite hostname="Jaggu" failures="0" tests="1" name="com.mystore.testcases.HomepageTestGrouping" time="29.044" errors="0" timestamp="2024-05-25T15:29:02 IST" skipped="0">
  <testcase classname="com.mystore.testcases.HomepageTestGrouping" name="orderHistoryandDetailsTest" time="29.044"/>
</testsuite> <!-- com.mystore.testcases.HomepageTestGrouping -->
