<?xml version="1.0" encoding="UTF-8"?>
<!-- Generated by org.testng.reporters.JUnitReportReporter -->
<testsuite hostname="Jaggu" failures="0" tests="1" name="com.mystore.testcases.LoginPageTestxml" time="21.957" errors="0" timestamp="2024-05-19T16:15:04 IST" skipped="0">
  <testcase classname="com.mystore.testcases.LoginPageTestxml" name="loginTest" time="21.957"/>
</testsuite> <!-- com.mystore.testcases.LoginPageTestxml -->
