<?xml version="1.0" encoding="UTF-8"?>
<!-- Generated by org.testng.reporters.JUnitReportReporter -->
<testsuite hostname="Jaggu" failures="0" tests="1" name="com.mystore.testcases.LoginPageTestGrouping" time="38.305" errors="0" timestamp="2024-05-28T10:44:05 IST" skipped="0">
  <testcase classname="com.mystore.testcases.LoginPageTestGrouping" name="loginTest" time="38.305"/>
</testsuite> <!-- com.mystore.testcases.LoginPageTestGrouping -->
