<?xml version="1.0" encoding="UTF-8"?>
<!-- Generated by org.testng.reporters.JUnitReportReporter -->
<testsuite hostname="Jaggu" failures="0" tests="1" name="com.mystore.testcases.AddToCartPageTest" time="31.465" errors="0" timestamp="2024-05-02T11:46:29 IST" skipped="0">
  <testcase classname="com.mystore.testcases.AddToCartPageTest" name="addToCartTest" time="31.465"/>
</testsuite> <!-- com.mystore.testcases.AddToCartPageTest -->
