<?xml version="1.0" encoding="UTF-8"?>
<!-- Generated by org.testng.reporters.JUnitReportReporter -->
<testsuite hostname="Jaggu" failures="0" tests="1" name="com.mystore.testcases.EndToEndTest" time="43.710" errors="0" timestamp="2024-05-18T14:44:34 IST" skipped="0">
  <testcase classname="com.mystore.testcases.EndToEndTest" name="endToEndTest" time="43.710"/>
</testsuite> <!-- com.mystore.testcases.EndToEndTest -->
