<?xml version="1.0" encoding="UTF-8"?>
<!-- Generated by org.testng.reporters.JUnitReportReporter -->
<testsuite hostname="Jaggu" failures="0" tests="1" name="com.mystore.testcases.endToEndTestdataProvider" time="64.304" errors="0" timestamp="2024-05-21T13:31:19 IST" skipped="0">
  <testcase classname="com.mystore.testcases.endToEndTestdataProvider" name="endToEndTest" time="64.304"/>
</testsuite> <!-- com.mystore.testcases.endToEndTestdataProvider -->
