<?xml version="1.0" encoding="UTF-8"?>
<!-- Generated by org.testng.reporters.JUnitReportReporter -->
<testsuite hostname="Jaggu" failures="0" tests="1" name="com.mystore.testcases.endToEndTestGrouping" time="41.826" errors="0" timestamp="2024-05-26T09:52:26 IST" skipped="0">
  <testcase classname="com.mystore.testcases.endToEndTestGrouping" name="endToEndTest" time="41.826"/>
</testsuite> <!-- com.mystore.testcases.endToEndTestGrouping -->
