<?xml version="1.0" encoding="UTF-8"?>
<!-- Generated by org.testng.reporters.JUnitReportReporter -->
<testsuite hostname="Jaggu" failures="0" tests="1" name="com.mystore.testcases.SFLoginTest" time="31.194" errors="0" timestamp="2024-06-08T14:51:47 IST" skipped="0">
  <testcase classname="com.mystore.testcases.SFLoginTest" name="loginTest" time="31.194"/>
</testsuite> <!-- com.mystore.testcases.SFLoginTest -->
