<?xml version="1.0" encoding="UTF-8"?>
<!-- Generated by org.testng.reporters.JUnitReportReporter -->
<testsuite hostname="Jaggu" failures="0" tests="1" name="com.mystore.testcases.SearchResultPageTestdataProvider" time="18.668" errors="0" timestamp="2024-05-08T12:22:10 IST" skipped="0">
  <testcase classname="com.mystore.testcases.SearchResultPageTestdataProvider" name="verifyProductSearch" time="18.668"/>
</testsuite> <!-- com.mystore.testcases.SearchResultPageTestdataProvider -->
