<?xml version="1.0" encoding="UTF-8"?>
<!-- Generated by org.testng.reporters.JUnitReportReporter -->
<testsuite hostname="Jaggu" failures="0" tests="1" name="com.mystore.testcases.SearchResultPageTestxml" time="16.216" errors="0" timestamp="2024-05-04T11:36:48 IST" skipped="0">
  <testcase classname="com.mystore.testcases.SearchResultPageTestxml" name="verifyProductSearch" time="16.216"/>
</testsuite> <!-- com.mystore.testcases.SearchResultPageTestxml -->
