<?xml version="1.0" encoding="UTF-8"?>
<!-- Generated by org.testng.reporters.JUnitReportReporter -->
<testsuite hostname="Jaggu" failures="0" tests="1" name="com.mystore.testcases.LoginPageTest" time="32.630" errors="0" timestamp="2024-05-30T11:02:12 IST" skipped="0">
  <testcase classname="com.mystore.testcases.LoginPageTest" name="loginTest" time="32.630"/>
</testsuite> <!-- com.mystore.testcases.LoginPageTest -->
