<?xml version="1.0" encoding="UTF-8"?>
<!-- Generated by org.testng.reporters.JUnitReportReporter -->
<testsuite hostname="Jaggu" failures="0" tests="2" name="com.mystore.testcases.IndexPageTestGrouping" time="27.820" errors="0" timestamp="2024-05-30T13:34:35 IST" skipped="0">
  <testcase classname="com.mystore.testcases.IndexPageTestGrouping" name="verifyTitle" time="14.504"/>
  <testcase classname="com.mystore.testcases.IndexPageTestGrouping" name="verifyLogo" time="13.316"/>
</testsuite> <!-- com.mystore.testcases.IndexPageTestGrouping -->
