<?xml version="1.0" encoding="UTF-8"?>
<!-- Generated by org.testng.reporters.JUnitReportReporter -->
<testsuite hostname="Jaggu" failures="0" tests="1" name="com.mystore.testcases.AddToCartPageTestGrouping" time="21.846" errors="0" timestamp="2024-05-26T09:52:26 IST" skipped="0">
  <testcase classname="com.mystore.testcases.AddToCartPageTestGrouping" name="addToCartTest" time="21.846"/>
</testsuite> <!-- com.mystore.testcases.AddToCartPageTestGrouping -->
