<?xml version="1.0" encoding="UTF-8"?>
<!-- Generated by org.testng.reporters.JUnitReportReporter -->
<testsuite hostname="Jaggu" failures="0" tests="1" name="com.mystore.testcases.HomePageTest" time="27.303" errors="0" timestamp="2024-04-23T16:23:42 IST" skipped="0">
  <testcase classname="com.mystore.testcases.HomePageTest" name="orderHistoryandDetailsTest" time="27.303"/>
</testsuite> <!-- com.mystore.testcases.HomePageTest -->
