<?xml version="1.0" encoding="UTF-8"?>
<!-- Generated by org.testng.reporters.JUnitReportReporter -->
<testsuite hostname="Jaggu" failures="0" tests="1" name="com.mystore.testcases.IndexPageTestxml" time="15.939" errors="0" timestamp="2024-05-19T16:16:12 IST" skipped="0">
  <testcase classname="com.mystore.testcases.IndexPageTestxml" name="verifyLogo" time="15.939"/>
</testsuite> <!-- com.mystore.testcases.IndexPageTestxml -->
