<?xml version="1.0" encoding="UTF-8"?>
<!-- Generated by org.testng.reporters.JUnitReportReporter -->
<testsuite hostname="Jaggu" failures="0" tests="1" name="com.mystore.testcases.SearchResultPageTest" time="32.701" errors="0" timestamp="2024-04-29T15:43:08 IST" skipped="0">
  <testcase classname="com.mystore.testcases.SearchResultPageTest" name="verifyProductSearch" time="32.701"/>
</testsuite> <!-- com.mystore.testcases.SearchResultPageTest -->
