<?xml version="1.0" encoding="UTF-8"?>
<!-- Generated by org.testng.reporters.JUnitReportReporter -->
<testsuite hostname="Jaggu" failures="0" tests="1" name="com.mystore.testcases.IndexPageTest" time="85.966" errors="0" timestamp="2024-06-03T09:00:45 IST" skipped="0">
  <testcase classname="com.mystore.testcases.IndexPageTest" name="verifylink" time="85.966"/>
</testsuite> <!-- com.mystore.testcases.IndexPageTest -->
