<?xml version="1.0" encoding="UTF-8"?>
<!-- Generated by org.testng.reporters.JUnitReportReporter -->
<testsuite hostname="Jaggu" failures="0" tests="1" name="com.mystore.testcases.HomepageTestxml" time="24.251" errors="0" timestamp="2024-05-04T11:36:48 IST" skipped="0">
  <testcase classname="com.mystore.testcases.HomepageTestxml" name="orderHistoryandDetailsTest" time="24.251"/>
</testsuite> <!-- com.mystore.testcases.HomepageTestxml -->
